<?xml version="1.0" encoding="UTF-8"?>
<!-- Generated by org.testng.reporters.JUnitReportReporter -->
<testsuite hostname="DESKTOP-EMTR17J" failures="1" tests="115" name="runner.runnercucumber" time="55.587" errors="0" timestamp="2023-04-22T11:01:32 EDT" skipped="0">
  <testcase classname="runner.runnercucumber" name="runScenario" time="0.527"/>
  <system-out/>
  <testcase classname="runner.runnercucumber" name="runScenario" time="0.276"/>
  <system-out/>
  <testcase classname="runner.runnercucumber" name="runScenario" time="0.912"/>
  <system-out/>
  <testcase classname="runner.runnercucumber" name="runScenario" time="0.323"/>
  <system-out/>
  <testcase classname="runner.runnercucumber" name="runScenario" time="3.225"/>
  <system-out/>
  <testcase classname="runner.runnercucumber" name="runScenario" time="0.388"/>
  <system-out/>
  <testcase classname="runner.runnercucumber" name="runScenario" time="0.192"/>
  <system-out/>
  <testcase classname="runner.runnercucumber" name="runScenario" time="0.383"/>
  <system-out/>
  <testcase classname="runner.runnercucumber" name="runScenario" time="0.417">
    <failure message="expected [ ] but found [Practice Questions]" type="java.lang.AssertionError">
      <![CDATA[java.lang.AssertionError: expected [ ] but found [Practice Questions]
at org.testng.Assert.fail(Assert.java:110)
at org.testng.Assert.failNotEquals(Assert.java:1577)
at org.testng.Assert.assertEqualsImpl(Assert.java:149)
at org.testng.Assert.assertEquals(Assert.java:131)
at org.testng.Assert.assertEquals(Assert.java:655)
at org.testng.Assert.assertEquals(Assert.java:665)
at pageObjectModel.TreePage_POM.TreeSubpageTitle(TreePage_POM.java:78)
at stepDefination.TreePage_TryEditor.user_is_on_tree_subpage(TreePage_TryEditor.java:36)
at âœ½.User is on Tree Subpage " "(file:///C:/Users/14377/eclipse-workspace/numpy_ninja_ds_algo/src/test/resources/features/Tree_TryEditor.feature:25)
]]>
    </failure>
  </testcase> <!-- runScenario -->
  <system-out/>
  <testcase classname="runner.runnercucumber" name="runScenario" time="0.158"/>
  <system-out/>
  <testcase classname="runner.runnercucumber" name="runScenario" time="0.281"/>
  <system-out/>
  <testcase classname="runner.runnercucumber" name="runScenario" time="0.408"/>
  <system-out/>
  <testcase classname="runner.runnercucumber" name="runScenario" time="0.314"/>
  <system-out/>
  <testcase classname="runner.runnercucumber" name="runScenario" time="2.917"/>
  <system-out/>
  <testcase classname="runner.runnercucumber" name="runScenario" time="0.367"/>
  <system-out/>
  <testcase classname="runner.runnercucumber" name="runScenario" time="0.274"/>
  <system-out/>
  <testcase classname="runner.runnercucumber" name="runScenario" time="0.453"/>
  <system-out/>
  <testcase classname="runner.runnercucumber" name="runScenario" time="2.304"/>
  <system-out/>
  <testcase classname="runner.runnercucumber" name="runScenario" time="0.448"/>
  <system-out/>
  <testcase classname="runner.runnercucumber" name="runScenario" time="0.669"/>
  <system-out/>
  <testcase classname="runner.runnercucumber" name="runScenario" time="0.228"/>
  <system-out/>
  <testcase classname="runner.runnercucumber" name="runScenario" time="0.352"/>
  <system-out/>
  <testcase classname="runner.runnercucumber" name="runScenario" time="0.399"/>
  <system-out/>
  <testcase classname="runner.runnercucumber" name="runScenario" time="0.423"/>
  <system-out/>
  <testcase classname="runner.runnercucumber" name="runScenario" time="0.309"/>
  <system-out/>
  <testcase classname="runner.runnercucumber" name="runScenario" time="0.270"/>
  <system-out/>
  <testcase classname="runner.runnercucumber" name="runScenario" time="0.312"/>
  <system-out/>
  <testcase classname="runner.runnercucumber" name="runScenario" time="0.300"/>
  <system-out/>
  <testcase classname="runner.runnercucumber" name="runScenario" time="0.153"/>
  <system-out/>
  <testcase classname="runner.runnercucumber" name="runScenario" time="1.092"/>
  <system-out/>
  <testcase classname="runner.runnercucumber" name="runScenario" time="0.851"/>
  <system-out/>
  <testcase classname="runner.runnercucumber" name="runScenario" time="0.160"/>
  <system-out/>
  <testcase classname="runner.runnercucumber" name="runScenario" time="0.292"/>
  <system-out/>
  <testcase classname="runner.runnercucumber" name="runScenario" time="0.322"/>
  <system-out/>
  <testcase classname="runner.runnercucumber" name="runScenario" time="0.236"/>
  <system-out/>
  <testcase classname="runner.runnercucumber" name="runScenario" time="0.342"/>
  <system-out/>
  <testcase classname="runner.runnercucumber" name="runScenario" time="0.360"/>
  <system-out/>
  <testcase classname="runner.runnercucumber" name="runScenario" time="0.304"/>
  <system-out/>
  <testcase classname="runner.runnercucumber" name="runScenario" time="1.026"/>
  <system-out/>
  <testcase classname="runner.runnercucumber" name="runScenario" time="0.328"/>
  <system-out/>
  <testcase classname="runner.runnercucumber" name="runScenario" time="0.160"/>
  <system-out/>
  <testcase classname="runner.runnercucumber" name="runScenario" time="0.440"/>
  <system-out/>
  <testcase classname="runner.runnercucumber" name="runScenario" time="0.146"/>
  <system-out/>
  <testcase classname="runner.runnercucumber" name="runScenario" time="0.156"/>
  <system-out/>
  <testcase classname="runner.runnercucumber" name="runScenario" time="0.675"/>
  <system-out/>
  <testcase classname="runner.runnercucumber" name="runScenario" time="0.399"/>
  <system-out/>
  <testcase classname="runner.runnercucumber" name="runScenario" time="0.343"/>
  <system-out/>
  <testcase classname="runner.runnercucumber" name="runScenario" time="0.133"/>
  <system-out/>
  <testcase classname="runner.runnercucumber" name="runScenario" time="0.948"/>
  <system-out/>
  <testcase classname="runner.runnercucumber" name="runScenario" time="0.280"/>
  <system-out/>
  <testcase classname="runner.runnercucumber" name="runScenario" time="0.436"/>
  <system-out/>
  <testcase classname="runner.runnercucumber" name="runScenario" time="0.340"/>
  <system-out/>
  <testcase classname="runner.runnercucumber" name="runScenario" time="0.387"/>
  <system-out/>
  <testcase classname="runner.runnercucumber" name="runScenario" time="0.334"/>
  <system-out/>
  <testcase classname="runner.runnercucumber" name="runScenario" time="0.170"/>
  <system-out/>
  <testcase classname="runner.runnercucumber" name="runScenario" time="0.163"/>
  <system-out/>
  <testcase classname="runner.runnercucumber" name="runScenario" time="0.380"/>
  <system-out/>
  <testcase classname="runner.runnercucumber" name="runScenario" time="0.694"/>
  <system-out/>
  <testcase classname="runner.runnercucumber" name="runScenario" time="0.442"/>
  <system-out/>
  <testcase classname="runner.runnercucumber" name="runScenario" time="0.577"/>
  <system-out/>
  <testcase classname="runner.runnercucumber" name="runScenario" time="0.770"/>
  <system-out/>
  <testcase classname="runner.runnercucumber" name="runScenario" time="0.714"/>
  <system-out/>
  <testcase classname="runner.runnercucumber" name="runScenario" time="0.238"/>
  <system-out/>
  <testcase classname="runner.runnercucumber" name="runScenario" time="0.233"/>
  <system-out/>
  <testcase classname="runner.runnercucumber" name="runScenario" time="0.176"/>
  <system-out/>
  <testcase classname="runner.runnercucumber" name="runScenario" time="0.424"/>
  <system-out/>
  <testcase classname="runner.runnercucumber" name="runScenario" time="0.232"/>
  <system-out/>
  <testcase classname="runner.runnercucumber" name="runScenario" time="0.531"/>
  <system-out/>
  <testcase classname="runner.runnercucumber" name="runScenario" time="0.958"/>
  <system-out/>
  <testcase classname="runner.runnercucumber" name="runScenario" time="0.307"/>
  <system-out/>
  <testcase classname="runner.runnercucumber" name="runScenario" time="0.356"/>
  <system-out/>
  <testcase classname="runner.runnercucumber" name="runScenario" time="0.269"/>
  <system-out/>
  <testcase classname="runner.runnercucumber" name="runScenario" time="2.670"/>
  <system-out/>
  <testcase classname="runner.runnercucumber" name="runScenario" time="0.533"/>
  <system-out/>
  <testcase classname="runner.runnercucumber" name="runScenario" time="0.166"/>
  <system-out/>
  <testcase classname="runner.runnercucumber" name="runScenario" time="0.281"/>
  <system-out/>
  <testcase classname="runner.runnercucumber" name="runScenario" time="0.478"/>
  <system-out/>
  <testcase classname="runner.runnercucumber" name="runScenario" time="0.494"/>
  <system-out/>
  <testcase classname="runner.runnercucumber" name="runScenario" time="0.292"/>
  <system-out/>
  <testcase classname="runner.runnercucumber" name="runScenario" time="0.288"/>
  <system-out/>
  <testcase classname="runner.runnercucumber" name="runScenario" time="0.314"/>
  <system-out/>
  <testcase classname="runner.runnercucumber" name="runScenario" time="0.234"/>
  <system-out/>
  <testcase classname="runner.runnercucumber" name="runScenario" time="0.458"/>
  <system-out/>
  <testcase classname="runner.runnercucumber" name="runScenario" time="0.235"/>
  <system-out/>
  <testcase classname="runner.runnercucumber" name="runScenario" time="1.276"/>
  <system-out/>
  <testcase classname="runner.runnercucumber" name="runScenario" time="0.281"/>
  <system-out/>
  <testcase classname="runner.runnercucumber" name="runScenario" time="0.184"/>
  <system-out/>
  <testcase classname="runner.runnercucumber" name="runScenario" time="0.382"/>
  <system-out/>
  <testcase classname="runner.runnercucumber" name="runScenario" time="0.409"/>
  <system-out/>
  <testcase classname="runner.runnercucumber" name="runScenario" time="0.439"/>
  <system-out/>
  <testcase classname="runner.runnercucumber" name="runScenario" time="0.193"/>
  <system-out/>
  <testcase classname="runner.runnercucumber" name="runScenario" time="0.476"/>
  <system-out/>
  <testcase classname="runner.runnercucumber" name="runScenario" time="0.300"/>
  <system-out/>
  <testcase classname="runner.runnercucumber" name="runScenario" time="0.191"/>
  <system-out/>
  <testcase classname="runner.runnercucumber" name="runScenario" time="0.329"/>
  <system-out/>
  <testcase classname="runner.runnercucumber" name="runScenario" time="0.238"/>
  <system-out/>
  <testcase classname="runner.runnercucumber" name="runScenario" time="0.409"/>
  <system-out/>
  <testcase classname="runner.runnercucumber" name="runScenario" time="1.027"/>
  <system-out/>
  <testcase classname="runner.runnercucumber" name="runScenario" time="0.241"/>
  <system-out/>
  <testcase classname="runner.runnercucumber" name="runScenario" time="0.308"/>
  <system-out/>
  <testcase classname="runner.runnercucumber" name="runScenario" time="0.443"/>
  <system-out/>
  <testcase classname="runner.runnercucumber" name="runScenario" time="0.877"/>
  <system-out/>
  <testcase classname="runner.runnercucumber" name="runScenario" time="0.680"/>
  <system-out/>
  <testcase classname="runner.runnercucumber" name="runScenario" time="0.284"/>
  <system-out/>
  <testcase classname="runner.runnercucumber" name="runScenario" time="0.359"/>
  <system-out/>
  <testcase classname="runner.runnercucumber" name="runScenario" time="0.179"/>
  <system-out/>
  <testcase classname="runner.runnercucumber" name="runScenario" time="0.405"/>
  <system-out/>
  <testcase classname="runner.runnercucumber" name="runScenario" time="0.273"/>
  <system-out/>
  <testcase classname="runner.runnercucumber" name="runScenario" time="0.326"/>
  <system-out/>
  <testcase classname="runner.runnercucumber" name="runScenario" time="1.091"/>
  <system-out/>
  <testcase classname="runner.runnercucumber" name="runScenario" time="0.289"/>
  <system-out/>
  <testcase classname="runner.runnercucumber" name="runScenario" time="0.344"/>
  <system-out/>
  <testcase classname="runner.runnercucumber" name="runScenario" time="0.279"/>
  <system-out/>
  <testcase classname="runner.runnercucumber" name="runScenario" time="0.202"/>
  <system-out/>
  <testcase classname="runner.runnercucumber" name="runScenario" time="0.324"/>
  <system-out/>
</testsuite> <!-- runner.runnercucumber -->
