<?xml version="1.0" encoding="UTF-8"?>
<!-- Generated by org.testng.reporters.JUnitReportReporter -->
<testsuite hostname="DESKTOP-EMTR17J" failures="1" tests="115" name="runner.runnercucumber" time="59.979" errors="0" timestamp="2023-04-24T20:53:23 EDT" skipped="0">
  <testcase classname="runner.runnercucumber" name="runScenario" time="0.469"/>
  <system-out/>
  <testcase classname="runner.runnercucumber" name="runScenario" time="0.226"/>
  <system-out/>
  <testcase classname="runner.runnercucumber" name="runScenario" time="0.810"/>
  <system-out/>
  <testcase classname="runner.runnercucumber" name="runScenario" time="0.341"/>
  <system-out/>
  <testcase classname="runner.runnercucumber" name="runScenario" time="3.492"/>
  <system-out/>
  <testcase classname="runner.runnercucumber" name="runScenario" time="0.416"/>
  <system-out/>
  <testcase classname="runner.runnercucumber" name="runScenario" time="0.271"/>
  <system-out/>
  <testcase classname="runner.runnercucumber" name="runScenario" time="0.348"/>
  <system-out/>
  <testcase classname="runner.runnercucumber" name="runScenario" time="0.447">
    <failure message="expected [ ] but found [Practice Questions]" type="java.lang.AssertionError">
      <![CDATA[java.lang.AssertionError: expected [ ] but found [Practice Questions]
at org.testng.Assert.fail(Assert.java:110)
at org.testng.Assert.failNotEquals(Assert.java:1577)
at org.testng.Assert.assertEqualsImpl(Assert.java:149)
at org.testng.Assert.assertEquals(Assert.java:131)
at org.testng.Assert.assertEquals(Assert.java:655)
at org.testng.Assert.assertEquals(Assert.java:665)
at pageObjectModel.TreePage_POM.TreeSubpageTitle(TreePage_POM.java:78)
at stepDefination.TreePage_TryEditor.user_is_on_tree_subpage(TreePage_TryEditor.java:36)
at âœ½.User is on Tree Subpage " "(file:///C:/Users/14377/eclipse-workspace/numpy_ninja_ds_algo/src/test/resources/features/Tree_TryEditor.feature:25)
]]>
    </failure>
  </testcase> <!-- runScenario -->
  <system-out/>
  <testcase classname="runner.runnercucumber" name="runScenario" time="0.137"/>
  <system-out/>
  <testcase classname="runner.runnercucumber" name="runScenario" time="0.335"/>
  <system-out/>
  <testcase classname="runner.runnercucumber" name="runScenario" time="0.370"/>
  <system-out/>
  <testcase classname="runner.runnercucumber" name="runScenario" time="0.296"/>
  <system-out/>
  <testcase classname="runner.runnercucumber" name="runScenario" time="2.564"/>
  <system-out/>
  <testcase classname="runner.runnercucumber" name="runScenario" time="0.357"/>
  <system-out/>
  <testcase classname="runner.runnercucumber" name="runScenario" time="0.370"/>
  <system-out/>
  <testcase classname="runner.runnercucumber" name="runScenario" time="0.406"/>
  <system-out/>
  <testcase classname="runner.runnercucumber" name="runScenario" time="2.905"/>
  <system-out/>
  <testcase classname="runner.runnercucumber" name="runScenario" time="0.402"/>
  <system-out/>
  <testcase classname="runner.runnercucumber" name="runScenario" time="1.101"/>
  <system-out/>
  <testcase classname="runner.runnercucumber" name="runScenario" time="0.221"/>
  <system-out/>
  <testcase classname="runner.runnercucumber" name="runScenario" time="0.345"/>
  <system-out/>
  <testcase classname="runner.runnercucumber" name="runScenario" time="0.517"/>
  <system-out/>
  <testcase classname="runner.runnercucumber" name="runScenario" time="0.349"/>
  <system-out/>
  <testcase classname="runner.runnercucumber" name="runScenario" time="0.370"/>
  <system-out/>
  <testcase classname="runner.runnercucumber" name="runScenario" time="0.322"/>
  <system-out/>
  <testcase classname="runner.runnercucumber" name="runScenario" time="0.310"/>
  <system-out/>
  <testcase classname="runner.runnercucumber" name="runScenario" time="0.460"/>
  <system-out/>
  <testcase classname="runner.runnercucumber" name="runScenario" time="0.139"/>
  <system-out/>
  <testcase classname="runner.runnercucumber" name="runScenario" time="1.254"/>
  <system-out/>
  <testcase classname="runner.runnercucumber" name="runScenario" time="1.144"/>
  <system-out/>
  <testcase classname="runner.runnercucumber" name="runScenario" time="0.182"/>
  <system-out/>
  <testcase classname="runner.runnercucumber" name="runScenario" time="0.184"/>
  <system-out/>
  <testcase classname="runner.runnercucumber" name="runScenario" time="0.474"/>
  <system-out/>
  <testcase classname="runner.runnercucumber" name="runScenario" time="0.160"/>
  <system-out/>
  <testcase classname="runner.runnercucumber" name="runScenario" time="0.326"/>
  <system-out/>
  <testcase classname="runner.runnercucumber" name="runScenario" time="0.350"/>
  <system-out/>
  <testcase classname="runner.runnercucumber" name="runScenario" time="0.308"/>
  <system-out/>
  <testcase classname="runner.runnercucumber" name="runScenario" time="1.145"/>
  <system-out/>
  <testcase classname="runner.runnercucumber" name="runScenario" time="0.379"/>
  <system-out/>
  <testcase classname="runner.runnercucumber" name="runScenario" time="0.168"/>
  <system-out/>
  <testcase classname="runner.runnercucumber" name="runScenario" time="0.402"/>
  <system-out/>
  <testcase classname="runner.runnercucumber" name="runScenario" time="0.186"/>
  <system-out/>
  <testcase classname="runner.runnercucumber" name="runScenario" time="0.155"/>
  <system-out/>
  <testcase classname="runner.runnercucumber" name="runScenario" time="0.769"/>
  <system-out/>
  <testcase classname="runner.runnercucumber" name="runScenario" time="0.407"/>
  <system-out/>
  <testcase classname="runner.runnercucumber" name="runScenario" time="0.452"/>
  <system-out/>
  <testcase classname="runner.runnercucumber" name="runScenario" time="0.121"/>
  <system-out/>
  <testcase classname="runner.runnercucumber" name="runScenario" time="1.029"/>
  <system-out/>
  <testcase classname="runner.runnercucumber" name="runScenario" time="0.255"/>
  <system-out/>
  <testcase classname="runner.runnercucumber" name="runScenario" time="0.403"/>
  <system-out/>
  <testcase classname="runner.runnercucumber" name="runScenario" time="0.548"/>
  <system-out/>
  <testcase classname="runner.runnercucumber" name="runScenario" time="0.449"/>
  <system-out/>
  <testcase classname="runner.runnercucumber" name="runScenario" time="0.318"/>
  <system-out/>
  <testcase classname="runner.runnercucumber" name="runScenario" time="0.207"/>
  <system-out/>
  <testcase classname="runner.runnercucumber" name="runScenario" time="0.164"/>
  <system-out/>
  <testcase classname="runner.runnercucumber" name="runScenario" time="0.361"/>
  <system-out/>
  <testcase classname="runner.runnercucumber" name="runScenario" time="0.647"/>
  <system-out/>
  <testcase classname="runner.runnercucumber" name="runScenario" time="0.264"/>
  <system-out/>
  <testcase classname="runner.runnercucumber" name="runScenario" time="0.523"/>
  <system-out/>
  <testcase classname="runner.runnercucumber" name="runScenario" time="1.206"/>
  <system-out/>
  <testcase classname="runner.runnercucumber" name="runScenario" time="1.231"/>
  <system-out/>
  <testcase classname="runner.runnercucumber" name="runScenario" time="0.268"/>
  <system-out/>
  <testcase classname="runner.runnercucumber" name="runScenario" time="0.152"/>
  <system-out/>
  <testcase classname="runner.runnercucumber" name="runScenario" time="0.349"/>
  <system-out/>
  <testcase classname="runner.runnercucumber" name="runScenario" time="0.616"/>
  <system-out/>
  <testcase classname="runner.runnercucumber" name="runScenario" time="0.169"/>
  <system-out/>
  <testcase classname="runner.runnercucumber" name="runScenario" time="0.454"/>
  <system-out/>
  <testcase classname="runner.runnercucumber" name="runScenario" time="0.930"/>
  <system-out/>
  <testcase classname="runner.runnercucumber" name="runScenario" time="0.305"/>
  <system-out/>
  <testcase classname="runner.runnercucumber" name="runScenario" time="0.429"/>
  <system-out/>
  <testcase classname="runner.runnercucumber" name="runScenario" time="0.289"/>
  <system-out/>
  <testcase classname="runner.runnercucumber" name="runScenario" time="2.802"/>
  <system-out/>
  <testcase classname="runner.runnercucumber" name="runScenario" time="0.320"/>
  <system-out/>
  <testcase classname="runner.runnercucumber" name="runScenario" time="0.203"/>
  <system-out/>
  <testcase classname="runner.runnercucumber" name="runScenario" time="0.382"/>
  <system-out/>
  <testcase classname="runner.runnercucumber" name="runScenario" time="0.482"/>
  <system-out/>
  <testcase classname="runner.runnercucumber" name="runScenario" time="0.530"/>
  <system-out/>
  <testcase classname="runner.runnercucumber" name="runScenario" time="0.370"/>
  <system-out/>
  <testcase classname="runner.runnercucumber" name="runScenario" time="0.214"/>
  <system-out/>
  <testcase classname="runner.runnercucumber" name="runScenario" time="0.541"/>
  <system-out/>
  <testcase classname="runner.runnercucumber" name="runScenario" time="0.243"/>
  <system-out/>
  <testcase classname="runner.runnercucumber" name="runScenario" time="0.447"/>
  <system-out/>
  <testcase classname="runner.runnercucumber" name="runScenario" time="0.249"/>
  <system-out/>
  <testcase classname="runner.runnercucumber" name="runScenario" time="1.316"/>
  <system-out/>
  <testcase classname="runner.runnercucumber" name="runScenario" time="0.384"/>
  <system-out/>
  <testcase classname="runner.runnercucumber" name="runScenario" time="0.232"/>
  <system-out/>
  <testcase classname="runner.runnercucumber" name="runScenario" time="0.437"/>
  <system-out/>
  <testcase classname="runner.runnercucumber" name="runScenario" time="0.315"/>
  <system-out/>
  <testcase classname="runner.runnercucumber" name="runScenario" time="0.551"/>
  <system-out/>
  <testcase classname="runner.runnercucumber" name="runScenario" time="0.243"/>
  <system-out/>
  <testcase classname="runner.runnercucumber" name="runScenario" time="0.577"/>
  <system-out/>
  <testcase classname="runner.runnercucumber" name="runScenario" time="0.296"/>
  <system-out/>
  <testcase classname="runner.runnercucumber" name="runScenario" time="0.228"/>
  <system-out/>
  <testcase classname="runner.runnercucumber" name="runScenario" time="0.208"/>
  <system-out/>
  <testcase classname="runner.runnercucumber" name="runScenario" time="0.279"/>
  <system-out/>
  <testcase classname="runner.runnercucumber" name="runScenario" time="0.535"/>
  <system-out/>
  <testcase classname="runner.runnercucumber" name="runScenario" time="1.021"/>
  <system-out/>
  <testcase classname="runner.runnercucumber" name="runScenario" time="0.336"/>
  <system-out/>
  <testcase classname="runner.runnercucumber" name="runScenario" time="0.312"/>
  <system-out/>
  <testcase classname="runner.runnercucumber" name="runScenario" time="0.511"/>
  <system-out/>
  <testcase classname="runner.runnercucumber" name="runScenario" time="1.016"/>
  <system-out/>
  <testcase classname="runner.runnercucumber" name="runScenario" time="0.428"/>
  <system-out/>
  <testcase classname="runner.runnercucumber" name="runScenario" time="0.366"/>
  <system-out/>
  <testcase classname="runner.runnercucumber" name="runScenario" time="0.425"/>
  <system-out/>
  <testcase classname="runner.runnercucumber" name="runScenario" time="0.253"/>
  <system-out/>
  <testcase classname="runner.runnercucumber" name="runScenario" time="0.417"/>
  <system-out/>
  <testcase classname="runner.runnercucumber" name="runScenario" time="0.219"/>
  <system-out/>
  <testcase classname="runner.runnercucumber" name="runScenario" time="0.326"/>
  <system-out/>
  <testcase classname="runner.runnercucumber" name="runScenario" time="1.098"/>
  <system-out/>
  <testcase classname="runner.runnercucumber" name="runScenario" time="0.527"/>
  <system-out/>
  <testcase classname="runner.runnercucumber" name="runScenario" time="0.335"/>
  <system-out/>
  <testcase classname="runner.runnercucumber" name="runScenario" time="0.261"/>
  <system-out/>
  <testcase classname="runner.runnercucumber" name="runScenario" time="0.221"/>
  <system-out/>
  <testcase classname="runner.runnercucumber" name="runScenario" time="0.295"/>
  <system-out/>
</testsuite> <!-- runner.runnercucumber -->
