<?xml version="1.0" encoding="UTF-8"?>
<!-- Generated by org.testng.reporters.JUnitReportReporter -->
<testsuite hostname="DESKTOP-EMTR17J" failures="1" tests="115" name="runner.runnercucumber" time="38.390" errors="0" timestamp="2023-04-24T09:46:18 EDT" skipped="0">
  <testcase classname="runner.runnercucumber" name="runScenario" time="0.155"/>
  <system-out/>
  <testcase classname="runner.runnercucumber" name="runScenario" time="0.146"/>
  <system-out/>
  <testcase classname="runner.runnercucumber" name="runScenario" time="0.272"/>
  <system-out/>
  <testcase classname="runner.runnercucumber" name="runScenario" time="0.586"/>
  <system-out/>
  <testcase classname="runner.runnercucumber" name="runScenario" time="0.540"/>
  <system-out/>
  <testcase classname="runner.runnercucumber" name="runScenario" time="0.299"/>
  <system-out/>
  <testcase classname="runner.runnercucumber" name="runScenario" time="0.231"/>
  <system-out/>
  <testcase classname="runner.runnercucumber" name="runScenario" time="0.296"/>
  <system-out/>
  <testcase classname="runner.runnercucumber" name="runScenario" time="0.220"/>
  <system-out/>
  <testcase classname="runner.runnercucumber" name="runScenario" time="1.148"/>
  <system-out/>
  <testcase classname="runner.runnercucumber" name="runScenario" time="0.153"/>
  <system-out/>
  <testcase classname="runner.runnercucumber" name="runScenario" time="0.149"/>
  <system-out/>
  <testcase classname="runner.runnercucumber" name="runScenario" time="0.163"/>
  <system-out/>
  <testcase classname="runner.runnercucumber" name="runScenario" time="0.139"/>
  <system-out/>
  <testcase classname="runner.runnercucumber" name="runScenario" time="0.285"/>
  <system-out/>
  <testcase classname="runner.runnercucumber" name="runScenario" time="0.263"/>
  <system-out/>
  <testcase classname="runner.runnercucumber" name="runScenario" time="0.132"/>
  <system-out/>
  <testcase classname="runner.runnercucumber" name="runScenario" time="0.276"/>
  <system-out/>
  <testcase classname="runner.runnercucumber" name="runScenario" time="0.163"/>
  <system-out/>
  <testcase classname="runner.runnercucumber" name="runScenario" time="0.327"/>
  <system-out/>
  <testcase classname="runner.runnercucumber" name="runScenario" time="0.262"/>
  <system-out/>
  <testcase classname="runner.runnercucumber" name="runScenario" time="0.409"/>
  <system-out/>
  <testcase classname="runner.runnercucumber" name="runScenario" time="0.170"/>
  <system-out/>
  <testcase classname="runner.runnercucumber" name="runScenario" time="0.648"/>
  <system-out/>
  <testcase classname="runner.runnercucumber" name="runScenario" time="0.181"/>
  <system-out/>
  <testcase classname="runner.runnercucumber" name="runScenario" time="0.624"/>
  <system-out/>
  <testcase classname="runner.runnercucumber" name="runScenario" time="0.252"/>
  <system-out/>
  <testcase classname="runner.runnercucumber" name="runScenario" time="0.287">
    <failure message="expected [ ] but found [Practice Questions]" type="java.lang.AssertionError">
      <![CDATA[java.lang.AssertionError: expected [ ] but found [Practice Questions]
at org.testng.Assert.fail(Assert.java:110)
at org.testng.Assert.failNotEquals(Assert.java:1577)
at org.testng.Assert.assertEqualsImpl(Assert.java:149)
at org.testng.Assert.assertEquals(Assert.java:131)
at org.testng.Assert.assertEquals(Assert.java:655)
at org.testng.Assert.assertEquals(Assert.java:665)
at pageObjectModel.TreePage_POM.TreeSubpageTitle(TreePage_POM.java:78)
at stepDefination.TreePage_TryEditor.user_is_on_tree_subpage(TreePage_TryEditor.java:36)
at âœ½.User is on Tree Subpage " "(file:///C:/Users/14377/eclipse-workspace/numpy_ninja_ds_algo/src/test/resources/features/Tree_TryEditor.feature:25)
]]>
    </failure>
  </testcase> <!-- runScenario -->
  <system-out/>
  <testcase classname="runner.runnercucumber" name="runScenario" time="0.179"/>
  <system-out/>
  <testcase classname="runner.runnercucumber" name="runScenario" time="0.282"/>
  <system-out/>
  <testcase classname="runner.runnercucumber" name="runScenario" time="0.312"/>
  <system-out/>
  <testcase classname="runner.runnercucumber" name="runScenario" time="0.230"/>
  <system-out/>
  <testcase classname="runner.runnercucumber" name="runScenario" time="0.261"/>
  <system-out/>
  <testcase classname="runner.runnercucumber" name="runScenario" time="0.222"/>
  <system-out/>
  <testcase classname="runner.runnercucumber" name="runScenario" time="0.238"/>
  <system-out/>
  <testcase classname="runner.runnercucumber" name="runScenario" time="0.118"/>
  <system-out/>
  <testcase classname="runner.runnercucumber" name="runScenario" time="0.400"/>
  <system-out/>
  <testcase classname="runner.runnercucumber" name="runScenario" time="0.251"/>
  <system-out/>
  <testcase classname="runner.runnercucumber" name="runScenario" time="1.976"/>
  <system-out/>
  <testcase classname="runner.runnercucumber" name="runScenario" time="0.114"/>
  <system-out/>
  <testcase classname="runner.runnercucumber" name="runScenario" time="0.281"/>
  <system-out/>
  <testcase classname="runner.runnercucumber" name="runScenario" time="0.814"/>
  <system-out/>
  <testcase classname="runner.runnercucumber" name="runScenario" time="0.163"/>
  <system-out/>
  <testcase classname="runner.runnercucumber" name="runScenario" time="0.292"/>
  <system-out/>
  <testcase classname="runner.runnercucumber" name="runScenario" time="0.192"/>
  <system-out/>
  <testcase classname="runner.runnercucumber" name="runScenario" time="0.233"/>
  <system-out/>
  <testcase classname="runner.runnercucumber" name="runScenario" time="0.277"/>
  <system-out/>
  <testcase classname="runner.runnercucumber" name="runScenario" time="0.263"/>
  <system-out/>
  <testcase classname="runner.runnercucumber" name="runScenario" time="0.210"/>
  <system-out/>
  <testcase classname="runner.runnercucumber" name="runScenario" time="0.358"/>
  <system-out/>
  <testcase classname="runner.runnercucumber" name="runScenario" time="1.972"/>
  <system-out/>
  <testcase classname="runner.runnercucumber" name="runScenario" time="0.179"/>
  <system-out/>
  <testcase classname="runner.runnercucumber" name="runScenario" time="0.337"/>
  <system-out/>
  <testcase classname="runner.runnercucumber" name="runScenario" time="0.173"/>
  <system-out/>
  <testcase classname="runner.runnercucumber" name="runScenario" time="0.571"/>
  <system-out/>
  <testcase classname="runner.runnercucumber" name="runScenario" time="0.123"/>
  <system-out/>
  <testcase classname="runner.runnercucumber" name="runScenario" time="0.131"/>
  <system-out/>
  <testcase classname="runner.runnercucumber" name="runScenario" time="0.277"/>
  <system-out/>
  <testcase classname="runner.runnercucumber" name="runScenario" time="0.335"/>
  <system-out/>
  <testcase classname="runner.runnercucumber" name="runScenario" time="0.178"/>
  <system-out/>
  <testcase classname="runner.runnercucumber" name="runScenario" time="0.508"/>
  <system-out/>
  <testcase classname="runner.runnercucumber" name="runScenario" time="0.129"/>
  <system-out/>
  <testcase classname="runner.runnercucumber" name="runScenario" time="0.105"/>
  <system-out/>
  <testcase classname="runner.runnercucumber" name="runScenario" time="0.272"/>
  <system-out/>
  <testcase classname="runner.runnercucumber" name="runScenario" time="0.336"/>
  <system-out/>
  <testcase classname="runner.runnercucumber" name="runScenario" time="0.135"/>
  <system-out/>
  <testcase classname="runner.runnercucumber" name="runScenario" time="0.261"/>
  <system-out/>
  <testcase classname="runner.runnercucumber" name="runScenario" time="0.223"/>
  <system-out/>
  <testcase classname="runner.runnercucumber" name="runScenario" time="0.146"/>
  <system-out/>
  <testcase classname="runner.runnercucumber" name="runScenario" time="0.268"/>
  <system-out/>
  <testcase classname="runner.runnercucumber" name="runScenario" time="0.190"/>
  <system-out/>
  <testcase classname="runner.runnercucumber" name="runScenario" time="0.203"/>
  <system-out/>
  <testcase classname="runner.runnercucumber" name="runScenario" time="0.175"/>
  <system-out/>
  <testcase classname="runner.runnercucumber" name="runScenario" time="0.291"/>
  <system-out/>
  <testcase classname="runner.runnercucumber" name="runScenario" time="0.219"/>
  <system-out/>
  <testcase classname="runner.runnercucumber" name="runScenario" time="0.856"/>
  <system-out/>
  <testcase classname="runner.runnercucumber" name="runScenario" time="0.264"/>
  <system-out/>
  <testcase classname="runner.runnercucumber" name="runScenario" time="0.255"/>
  <system-out/>
  <testcase classname="runner.runnercucumber" name="runScenario" time="0.189"/>
  <system-out/>
  <testcase classname="runner.runnercucumber" name="runScenario" time="0.515"/>
  <system-out/>
  <testcase classname="runner.runnercucumber" name="runScenario" time="0.152"/>
  <system-out/>
  <testcase classname="runner.runnercucumber" name="runScenario" time="0.262"/>
  <system-out/>
  <testcase classname="runner.runnercucumber" name="runScenario" time="0.241"/>
  <system-out/>
  <testcase classname="runner.runnercucumber" name="runScenario" time="0.286"/>
  <system-out/>
  <testcase classname="runner.runnercucumber" name="runScenario" time="2.284"/>
  <system-out/>
  <testcase classname="runner.runnercucumber" name="runScenario" time="0.180"/>
  <system-out/>
  <testcase classname="runner.runnercucumber" name="runScenario" time="0.377"/>
  <system-out/>
  <testcase classname="runner.runnercucumber" name="runScenario" time="0.143"/>
  <system-out/>
  <testcase classname="runner.runnercucumber" name="runScenario" time="0.113"/>
  <system-out/>
  <testcase classname="runner.runnercucumber" name="runScenario" time="0.264"/>
  <system-out/>
  <testcase classname="runner.runnercucumber" name="runScenario" time="0.163"/>
  <system-out/>
  <testcase classname="runner.runnercucumber" name="runScenario" time="0.149"/>
  <system-out/>
  <testcase classname="runner.runnercucumber" name="runScenario" time="0.106"/>
  <system-out/>
  <testcase classname="runner.runnercucumber" name="runScenario" time="0.136"/>
  <system-out/>
  <testcase classname="runner.runnercucumber" name="runScenario" time="0.229"/>
  <system-out/>
  <testcase classname="runner.runnercucumber" name="runScenario" time="1.138"/>
  <system-out/>
  <testcase classname="runner.runnercucumber" name="runScenario" time="0.167"/>
  <system-out/>
  <testcase classname="runner.runnercucumber" name="runScenario" time="0.233"/>
  <system-out/>
  <testcase classname="runner.runnercucumber" name="runScenario" time="0.179"/>
  <system-out/>
  <testcase classname="runner.runnercucumber" name="runScenario" time="0.650"/>
  <system-out/>
  <testcase classname="runner.runnercucumber" name="runScenario" time="0.228"/>
  <system-out/>
  <testcase classname="runner.runnercucumber" name="runScenario" time="0.316"/>
  <system-out/>
  <testcase classname="runner.runnercucumber" name="runScenario" time="0.115"/>
  <system-out/>
  <testcase classname="runner.runnercucumber" name="runScenario" time="0.227"/>
  <system-out/>
  <testcase classname="runner.runnercucumber" name="runScenario" time="0.344"/>
  <system-out/>
  <testcase classname="runner.runnercucumber" name="runScenario" time="0.276"/>
  <system-out/>
  <testcase classname="runner.runnercucumber" name="runScenario" time="0.601"/>
  <system-out/>
  <testcase classname="runner.runnercucumber" name="runScenario" time="0.969"/>
  <system-out/>
  <testcase classname="runner.runnercucumber" name="runScenario" time="0.292"/>
  <system-out/>
  <testcase classname="runner.runnercucumber" name="runScenario" time="0.289"/>
  <system-out/>
  <testcase classname="runner.runnercucumber" name="runScenario" time="0.115"/>
  <system-out/>
  <testcase classname="runner.runnercucumber" name="runScenario" time="0.164"/>
  <system-out/>
  <testcase classname="runner.runnercucumber" name="runScenario" time="0.140"/>
  <system-out/>
  <testcase classname="runner.runnercucumber" name="runScenario" time="0.297"/>
  <system-out/>
  <testcase classname="runner.runnercucumber" name="runScenario" time="0.307"/>
  <system-out/>
</testsuite> <!-- runner.runnercucumber -->
