<?xml version="1.0" encoding="UTF-8"?>
<!-- Generated by org.testng.reporters.JUnitReportReporter -->
<testsuite hostname="DESKTOP-EMTR17J" failures="1" tests="115" name="runner.runnercucumber" time="40.181" errors="0" timestamp="2023-04-21T21:54:32 EDT" skipped="0">
  <testcase classname="runner.runnercucumber" name="runScenario" time="0.667"/>
  <system-out/>
  <testcase classname="runner.runnercucumber" name="runScenario" time="0.149"/>
  <system-out/>
  <testcase classname="runner.runnercucumber" name="runScenario" time="0.178"/>
  <system-out/>
  <testcase classname="runner.runnercucumber" name="runScenario" time="0.403"/>
  <system-out/>
  <testcase classname="runner.runnercucumber" name="runScenario" time="1.022"/>
  <system-out/>
  <testcase classname="runner.runnercucumber" name="runScenario" time="0.141"/>
  <system-out/>
  <testcase classname="runner.runnercucumber" name="runScenario" time="0.557"/>
  <system-out/>
  <testcase classname="runner.runnercucumber" name="runScenario" time="0.173"/>
  <system-out/>
  <testcase classname="runner.runnercucumber" name="runScenario" time="0.559"/>
  <system-out/>
  <testcase classname="runner.runnercucumber" name="runScenario" time="0.115"/>
  <system-out/>
  <testcase classname="runner.runnercucumber" name="runScenario" time="0.106"/>
  <system-out/>
  <testcase classname="runner.runnercucumber" name="runScenario" time="0.207"/>
  <system-out/>
  <testcase classname="runner.runnercucumber" name="runScenario" time="0.179"/>
  <system-out/>
  <testcase classname="runner.runnercucumber" name="runScenario" time="0.640"/>
  <system-out/>
  <testcase classname="runner.runnercucumber" name="runScenario" time="0.148"/>
  <system-out/>
  <testcase classname="runner.runnercucumber" name="runScenario" time="0.323"/>
  <system-out/>
  <testcase classname="runner.runnercucumber" name="runScenario" time="0.284"/>
  <system-out/>
  <testcase classname="runner.runnercucumber" name="runScenario" time="0.128"/>
  <system-out/>
  <testcase classname="runner.runnercucumber" name="runScenario" time="0.247"/>
  <system-out/>
  <testcase classname="runner.runnercucumber" name="runScenario" time="0.159"/>
  <system-out/>
  <testcase classname="runner.runnercucumber" name="runScenario" time="0.260"/>
  <system-out/>
  <testcase classname="runner.runnercucumber" name="runScenario" time="0.544"/>
  <system-out/>
  <testcase classname="runner.runnercucumber" name="runScenario" time="0.300"/>
  <system-out/>
  <testcase classname="runner.runnercucumber" name="runScenario" time="0.116"/>
  <system-out/>
  <testcase classname="runner.runnercucumber" name="runScenario" time="0.285"/>
  <system-out/>
  <testcase classname="runner.runnercucumber" name="runScenario" time="0.709"/>
  <system-out/>
  <testcase classname="runner.runnercucumber" name="runScenario" time="0.302"/>
  <system-out/>
  <testcase classname="runner.runnercucumber" name="runScenario" time="0.301"/>
  <system-out/>
  <testcase classname="runner.runnercucumber" name="runScenario" time="0.303"/>
  <system-out/>
  <testcase classname="runner.runnercucumber" name="runScenario" time="0.408"/>
  <system-out/>
  <testcase classname="runner.runnercucumber" name="runScenario" time="0.276"/>
  <system-out/>
  <testcase classname="runner.runnercucumber" name="runScenario" time="0.138"/>
  <system-out/>
  <testcase classname="runner.runnercucumber" name="runScenario" time="0.184"/>
  <system-out/>
  <testcase classname="runner.runnercucumber" name="runScenario" time="0.188"/>
  <system-out/>
  <testcase classname="runner.runnercucumber" name="runScenario" time="0.187"/>
  <system-out/>
  <testcase classname="runner.runnercucumber" name="runScenario" time="0.262"/>
  <system-out/>
  <testcase classname="runner.runnercucumber" name="runScenario" time="0.154"/>
  <system-out/>
  <testcase classname="runner.runnercucumber" name="runScenario" time="0.322"/>
  <system-out/>
  <testcase classname="runner.runnercucumber" name="runScenario" time="2.297"/>
  <system-out/>
  <testcase classname="runner.runnercucumber" name="runScenario" time="0.154"/>
  <system-out/>
  <testcase classname="runner.runnercucumber" name="runScenario" time="0.306"/>
  <system-out/>
  <testcase classname="runner.runnercucumber" name="runScenario" time="0.188"/>
  <system-out/>
  <testcase classname="runner.runnercucumber" name="runScenario" time="0.108"/>
  <system-out/>
  <testcase classname="runner.runnercucumber" name="runScenario" time="0.232"/>
  <system-out/>
  <testcase classname="runner.runnercucumber" name="runScenario" time="0.179"/>
  <system-out/>
  <testcase classname="runner.runnercucumber" name="runScenario" time="0.148"/>
  <system-out/>
  <testcase classname="runner.runnercucumber" name="runScenario" time="0.151"/>
  <system-out/>
  <testcase classname="runner.runnercucumber" name="runScenario" time="0.263"/>
  <system-out/>
  <testcase classname="runner.runnercucumber" name="runScenario" time="0.283"/>
  <system-out/>
  <testcase classname="runner.runnercucumber" name="runScenario" time="0.227"/>
  <system-out/>
  <testcase classname="runner.runnercucumber" name="runScenario" time="0.690"/>
  <system-out/>
  <testcase classname="runner.runnercucumber" name="runScenario" time="0.239"/>
  <system-out/>
  <testcase classname="runner.runnercucumber" name="runScenario" time="0.106"/>
  <system-out/>
  <testcase classname="runner.runnercucumber" name="runScenario" time="0.308"/>
  <system-out/>
  <testcase classname="runner.runnercucumber" name="runScenario" time="0.150"/>
  <system-out/>
  <testcase classname="runner.runnercucumber" name="runScenario" time="0.271"/>
  <system-out/>
  <testcase classname="runner.runnercucumber" name="runScenario" time="0.200"/>
  <system-out/>
  <testcase classname="runner.runnercucumber" name="runScenario" time="0.328"/>
  <system-out/>
  <testcase classname="runner.runnercucumber" name="runScenario" time="0.280"/>
  <system-out/>
  <testcase classname="runner.runnercucumber" name="runScenario" time="0.338"/>
  <system-out/>
  <testcase classname="runner.runnercucumber" name="runScenario" time="0.152"/>
  <system-out/>
  <testcase classname="runner.runnercucumber" name="runScenario" time="0.315">
    <failure message="expected [ ] but found [Practice Questions]" type="java.lang.AssertionError">
      <![CDATA[java.lang.AssertionError: expected [ ] but found [Practice Questions]
at org.testng.Assert.fail(Assert.java:110)
at org.testng.Assert.failNotEquals(Assert.java:1577)
at org.testng.Assert.assertEqualsImpl(Assert.java:149)
at org.testng.Assert.assertEquals(Assert.java:131)
at org.testng.Assert.assertEquals(Assert.java:655)
at org.testng.Assert.assertEquals(Assert.java:665)
at pageObjectModel.TreePage_POM.TreeSubpageTitle(TreePage_POM.java:78)
at stepDefination.TreePage_TryEditor.user_is_on_tree_subpage(TreePage_TryEditor.java:36)
at âœ½.User is on Tree Subpage " "(file:///C:/Users/14377/eclipse-workspace/numpy_ninja_ds_algo/src/test/resources/features/Tree_TryEditor.feature:25)
]]>
    </failure>
  </testcase> <!-- runScenario -->
  <system-out/>
  <testcase classname="runner.runnercucumber" name="runScenario" time="0.200"/>
  <system-out/>
  <testcase classname="runner.runnercucumber" name="runScenario" time="0.286"/>
  <system-out/>
  <testcase classname="runner.runnercucumber" name="runScenario" time="0.318"/>
  <system-out/>
  <testcase classname="runner.runnercucumber" name="runScenario" time="0.145"/>
  <system-out/>
  <testcase classname="runner.runnercucumber" name="runScenario" time="0.687"/>
  <system-out/>
  <testcase classname="runner.runnercucumber" name="runScenario" time="0.289"/>
  <system-out/>
  <testcase classname="runner.runnercucumber" name="runScenario" time="0.139"/>
  <system-out/>
  <testcase classname="runner.runnercucumber" name="runScenario" time="0.268"/>
  <system-out/>
  <testcase classname="runner.runnercucumber" name="runScenario" time="0.154"/>
  <system-out/>
  <testcase classname="runner.runnercucumber" name="runScenario" time="0.262"/>
  <system-out/>
  <testcase classname="runner.runnercucumber" name="runScenario" time="0.333"/>
  <system-out/>
  <testcase classname="runner.runnercucumber" name="runScenario" time="0.190"/>
  <system-out/>
  <testcase classname="runner.runnercucumber" name="runScenario" time="2.126"/>
  <system-out/>
  <testcase classname="runner.runnercucumber" name="runScenario" time="0.163"/>
  <system-out/>
  <testcase classname="runner.runnercucumber" name="runScenario" time="0.387"/>
  <system-out/>
  <testcase classname="runner.runnercucumber" name="runScenario" time="1.154"/>
  <system-out/>
  <testcase classname="runner.runnercucumber" name="runScenario" time="0.301"/>
  <system-out/>
  <testcase classname="runner.runnercucumber" name="runScenario" time="0.333"/>
  <system-out/>
  <testcase classname="runner.runnercucumber" name="runScenario" time="0.283"/>
  <system-out/>
  <testcase classname="runner.runnercucumber" name="runScenario" time="0.288"/>
  <system-out/>
  <testcase classname="runner.runnercucumber" name="runScenario" time="0.310"/>
  <system-out/>
  <testcase classname="runner.runnercucumber" name="runScenario" time="0.179"/>
  <system-out/>
  <testcase classname="runner.runnercucumber" name="runScenario" time="1.267"/>
  <system-out/>
  <testcase classname="runner.runnercucumber" name="runScenario" time="0.285"/>
  <system-out/>
  <testcase classname="runner.runnercucumber" name="runScenario" time="0.223"/>
  <system-out/>
  <testcase classname="runner.runnercucumber" name="runScenario" time="0.199"/>
  <system-out/>
  <testcase classname="runner.runnercucumber" name="runScenario" time="0.245"/>
  <system-out/>
  <testcase classname="runner.runnercucumber" name="runScenario" time="0.267"/>
  <system-out/>
  <testcase classname="runner.runnercucumber" name="runScenario" time="0.282"/>
  <system-out/>
  <testcase classname="runner.runnercucumber" name="runScenario" time="0.220"/>
  <system-out/>
  <testcase classname="runner.runnercucumber" name="runScenario" time="0.234"/>
  <system-out/>
  <testcase classname="runner.runnercucumber" name="runScenario" time="0.235"/>
  <system-out/>
  <testcase classname="runner.runnercucumber" name="runScenario" time="0.164"/>
  <system-out/>
  <testcase classname="runner.runnercucumber" name="runScenario" time="0.226"/>
  <system-out/>
  <testcase classname="runner.runnercucumber" name="runScenario" time="2.094"/>
  <system-out/>
  <testcase classname="runner.runnercucumber" name="runScenario" time="0.260"/>
  <system-out/>
  <testcase classname="runner.runnercucumber" name="runScenario" time="0.860"/>
  <system-out/>
  <testcase classname="runner.runnercucumber" name="runScenario" time="0.103"/>
  <system-out/>
  <testcase classname="runner.runnercucumber" name="runScenario" time="0.265"/>
  <system-out/>
  <testcase classname="runner.runnercucumber" name="runScenario" time="0.462"/>
  <system-out/>
  <testcase classname="runner.runnercucumber" name="runScenario" time="0.234"/>
  <system-out/>
  <testcase classname="runner.runnercucumber" name="runScenario" time="0.157"/>
  <system-out/>
  <testcase classname="runner.runnercucumber" name="runScenario" time="0.316"/>
  <system-out/>
  <testcase classname="runner.runnercucumber" name="runScenario" time="0.149"/>
  <system-out/>
  <testcase classname="runner.runnercucumber" name="runScenario" time="0.249"/>
  <system-out/>
  <testcase classname="runner.runnercucumber" name="runScenario" time="0.188"/>
  <system-out/>
  <testcase classname="runner.runnercucumber" name="runScenario" time="0.268"/>
  <system-out/>
  <testcase classname="runner.runnercucumber" name="runScenario" time="0.852"/>
  <system-out/>
  <testcase classname="runner.runnercucumber" name="runScenario" time="0.622"/>
  <system-out/>
  <testcase classname="runner.runnercucumber" name="runScenario" time="0.277"/>
  <system-out/>
  <testcase classname="runner.runnercucumber" name="runScenario" time="0.149"/>
  <system-out/>
  <testcase classname="runner.runnercucumber" name="runScenario" time="0.306"/>
  <system-out/>
  <testcase classname="runner.runnercucumber" name="runScenario" time="0.191"/>
  <system-out/>
</testsuite> <!-- runner.runnercucumber -->
