<?xml version="1.0" encoding="UTF-8"?>
<!-- Generated by org.testng.reporters.JUnitReportReporter -->
<testsuite hostname="DESKTOP-EMTR17J" failures="1" tests="115" name="runner.runnercucumber" time="37.704" errors="0" timestamp="2023-04-23T08:43:38 EDT" skipped="0">
  <testcase classname="runner.runnercucumber" name="runScenario" time="0.244"/>
  <system-out/>
  <testcase classname="runner.runnercucumber" name="runScenario" time="0.177"/>
  <system-out/>
  <testcase classname="runner.runnercucumber" name="runScenario" time="0.521"/>
  <system-out/>
  <testcase classname="runner.runnercucumber" name="runScenario" time="0.185"/>
  <system-out/>
  <testcase classname="runner.runnercucumber" name="runScenario" time="2.173"/>
  <system-out/>
  <testcase classname="runner.runnercucumber" name="runScenario" time="0.263"/>
  <system-out/>
  <testcase classname="runner.runnercucumber" name="runScenario" time="0.149"/>
  <system-out/>
  <testcase classname="runner.runnercucumber" name="runScenario" time="0.175"/>
  <system-out/>
  <testcase classname="runner.runnercucumber" name="runScenario" time="0.321">
    <failure message="expected [ ] but found [Practice Questions]" type="java.lang.AssertionError">
      <![CDATA[java.lang.AssertionError: expected [ ] but found [Practice Questions]
at org.testng.Assert.fail(Assert.java:110)
at org.testng.Assert.failNotEquals(Assert.java:1577)
at org.testng.Assert.assertEqualsImpl(Assert.java:149)
at org.testng.Assert.assertEquals(Assert.java:131)
at org.testng.Assert.assertEquals(Assert.java:655)
at org.testng.Assert.assertEquals(Assert.java:665)
at pageObjectModel.TreePage_POM.TreeSubpageTitle(TreePage_POM.java:78)
at stepDefination.TreePage_TryEditor.user_is_on_tree_subpage(TreePage_TryEditor.java:36)
at âœ½.User is on Tree Subpage " "(file:///C:/Users/14377/eclipse-workspace/numpy_ninja_ds_algo/src/test/resources/features/Tree_TryEditor.feature:25)
]]>
    </failure>
  </testcase> <!-- runScenario -->
  <system-out/>
  <testcase classname="runner.runnercucumber" name="runScenario" time="0.107"/>
  <system-out/>
  <testcase classname="runner.runnercucumber" name="runScenario" time="0.223"/>
  <system-out/>
  <testcase classname="runner.runnercucumber" name="runScenario" time="0.255"/>
  <system-out/>
  <testcase classname="runner.runnercucumber" name="runScenario" time="0.258"/>
  <system-out/>
  <testcase classname="runner.runnercucumber" name="runScenario" time="1.127"/>
  <system-out/>
  <testcase classname="runner.runnercucumber" name="runScenario" time="0.315"/>
  <system-out/>
  <testcase classname="runner.runnercucumber" name="runScenario" time="0.135"/>
  <system-out/>
  <testcase classname="runner.runnercucumber" name="runScenario" time="0.284"/>
  <system-out/>
  <testcase classname="runner.runnercucumber" name="runScenario" time="1.971"/>
  <system-out/>
  <testcase classname="runner.runnercucumber" name="runScenario" time="0.289"/>
  <system-out/>
  <testcase classname="runner.runnercucumber" name="runScenario" time="0.571"/>
  <system-out/>
  <testcase classname="runner.runnercucumber" name="runScenario" time="0.150"/>
  <system-out/>
  <testcase classname="runner.runnercucumber" name="runScenario" time="0.285"/>
  <system-out/>
  <testcase classname="runner.runnercucumber" name="runScenario" time="0.331"/>
  <system-out/>
  <testcase classname="runner.runnercucumber" name="runScenario" time="0.220"/>
  <system-out/>
  <testcase classname="runner.runnercucumber" name="runScenario" time="0.269"/>
  <system-out/>
  <testcase classname="runner.runnercucumber" name="runScenario" time="0.209"/>
  <system-out/>
  <testcase classname="runner.runnercucumber" name="runScenario" time="0.203"/>
  <system-out/>
  <testcase classname="runner.runnercucumber" name="runScenario" time="0.229"/>
  <system-out/>
  <testcase classname="runner.runnercucumber" name="runScenario" time="0.107"/>
  <system-out/>
  <testcase classname="runner.runnercucumber" name="runScenario" time="0.999"/>
  <system-out/>
  <testcase classname="runner.runnercucumber" name="runScenario" time="0.673"/>
  <system-out/>
  <testcase classname="runner.runnercucumber" name="runScenario" time="0.127"/>
  <system-out/>
  <testcase classname="runner.runnercucumber" name="runScenario" time="0.137"/>
  <system-out/>
  <testcase classname="runner.runnercucumber" name="runScenario" time="0.234"/>
  <system-out/>
  <testcase classname="runner.runnercucumber" name="runScenario" time="0.177"/>
  <system-out/>
  <testcase classname="runner.runnercucumber" name="runScenario" time="0.242"/>
  <system-out/>
  <testcase classname="runner.runnercucumber" name="runScenario" time="0.273"/>
  <system-out/>
  <testcase classname="runner.runnercucumber" name="runScenario" time="0.216"/>
  <system-out/>
  <testcase classname="runner.runnercucumber" name="runScenario" time="0.637"/>
  <system-out/>
  <testcase classname="runner.runnercucumber" name="runScenario" time="0.190"/>
  <system-out/>
  <testcase classname="runner.runnercucumber" name="runScenario" time="0.149"/>
  <system-out/>
  <testcase classname="runner.runnercucumber" name="runScenario" time="0.261"/>
  <system-out/>
  <testcase classname="runner.runnercucumber" name="runScenario" time="0.112"/>
  <system-out/>
  <testcase classname="runner.runnercucumber" name="runScenario" time="0.138"/>
  <system-out/>
  <testcase classname="runner.runnercucumber" name="runScenario" time="0.377"/>
  <system-out/>
  <testcase classname="runner.runnercucumber" name="runScenario" time="0.289"/>
  <system-out/>
  <testcase classname="runner.runnercucumber" name="runScenario" time="0.264"/>
  <system-out/>
  <testcase classname="runner.runnercucumber" name="runScenario" time="0.094"/>
  <system-out/>
  <testcase classname="runner.runnercucumber" name="runScenario" time="0.518"/>
  <system-out/>
  <testcase classname="runner.runnercucumber" name="runScenario" time="0.165"/>
  <system-out/>
  <testcase classname="runner.runnercucumber" name="runScenario" time="0.291"/>
  <system-out/>
  <testcase classname="runner.runnercucumber" name="runScenario" time="0.253"/>
  <system-out/>
  <testcase classname="runner.runnercucumber" name="runScenario" time="0.323"/>
  <system-out/>
  <testcase classname="runner.runnercucumber" name="runScenario" time="0.213"/>
  <system-out/>
  <testcase classname="runner.runnercucumber" name="runScenario" time="0.137"/>
  <system-out/>
  <testcase classname="runner.runnercucumber" name="runScenario" time="0.091"/>
  <system-out/>
  <testcase classname="runner.runnercucumber" name="runScenario" time="0.267"/>
  <system-out/>
  <testcase classname="runner.runnercucumber" name="runScenario" time="0.422"/>
  <system-out/>
  <testcase classname="runner.runnercucumber" name="runScenario" time="0.250"/>
  <system-out/>
  <testcase classname="runner.runnercucumber" name="runScenario" time="0.258"/>
  <system-out/>
  <testcase classname="runner.runnercucumber" name="runScenario" time="0.584"/>
  <system-out/>
  <testcase classname="runner.runnercucumber" name="runScenario" time="0.578"/>
  <system-out/>
  <testcase classname="runner.runnercucumber" name="runScenario" time="0.147"/>
  <system-out/>
  <testcase classname="runner.runnercucumber" name="runScenario" time="0.109"/>
  <system-out/>
  <testcase classname="runner.runnercucumber" name="runScenario" time="0.125"/>
  <system-out/>
  <testcase classname="runner.runnercucumber" name="runScenario" time="0.284"/>
  <system-out/>
  <testcase classname="runner.runnercucumber" name="runScenario" time="0.151"/>
  <system-out/>
  <testcase classname="runner.runnercucumber" name="runScenario" time="0.426"/>
  <system-out/>
  <testcase classname="runner.runnercucumber" name="runScenario" time="0.510"/>
  <system-out/>
  <testcase classname="runner.runnercucumber" name="runScenario" time="0.238"/>
  <system-out/>
  <testcase classname="runner.runnercucumber" name="runScenario" time="0.272"/>
  <system-out/>
  <testcase classname="runner.runnercucumber" name="runScenario" time="0.163"/>
  <system-out/>
  <testcase classname="runner.runnercucumber" name="runScenario" time="1.938"/>
  <system-out/>
  <testcase classname="runner.runnercucumber" name="runScenario" time="0.267"/>
  <system-out/>
  <testcase classname="runner.runnercucumber" name="runScenario" time="0.143"/>
  <system-out/>
  <testcase classname="runner.runnercucumber" name="runScenario" time="0.152"/>
  <system-out/>
  <testcase classname="runner.runnercucumber" name="runScenario" time="0.385"/>
  <system-out/>
  <testcase classname="runner.runnercucumber" name="runScenario" time="0.341"/>
  <system-out/>
  <testcase classname="runner.runnercucumber" name="runScenario" time="0.225"/>
  <system-out/>
  <testcase classname="runner.runnercucumber" name="runScenario" time="0.153"/>
  <system-out/>
  <testcase classname="runner.runnercucumber" name="runScenario" time="0.270"/>
  <system-out/>
  <testcase classname="runner.runnercucumber" name="runScenario" time="0.140"/>
  <system-out/>
  <testcase classname="runner.runnercucumber" name="runScenario" time="0.223"/>
  <system-out/>
  <testcase classname="runner.runnercucumber" name="runScenario" time="0.138"/>
  <system-out/>
  <testcase classname="runner.runnercucumber" name="runScenario" time="1.148"/>
  <system-out/>
  <testcase classname="runner.runnercucumber" name="runScenario" time="0.274"/>
  <system-out/>
  <testcase classname="runner.runnercucumber" name="runScenario" time="0.150"/>
  <system-out/>
  <testcase classname="runner.runnercucumber" name="runScenario" time="0.260"/>
  <system-out/>
  <testcase classname="runner.runnercucumber" name="runScenario" time="0.246"/>
  <system-out/>
  <testcase classname="runner.runnercucumber" name="runScenario" time="0.269"/>
  <system-out/>
  <testcase classname="runner.runnercucumber" name="runScenario" time="0.116"/>
  <system-out/>
  <testcase classname="runner.runnercucumber" name="runScenario" time="0.266"/>
  <system-out/>
  <testcase classname="runner.runnercucumber" name="runScenario" time="0.170"/>
  <system-out/>
  <testcase classname="runner.runnercucumber" name="runScenario" time="0.185"/>
  <system-out/>
  <testcase classname="runner.runnercucumber" name="runScenario" time="0.179"/>
  <system-out/>
  <testcase classname="runner.runnercucumber" name="runScenario" time="0.198"/>
  <system-out/>
  <testcase classname="runner.runnercucumber" name="runScenario" time="0.296"/>
  <system-out/>
  <testcase classname="runner.runnercucumber" name="runScenario" time="0.842"/>
  <system-out/>
  <testcase classname="runner.runnercucumber" name="runScenario" time="0.183"/>
  <system-out/>
  <testcase classname="runner.runnercucumber" name="runScenario" time="0.184"/>
  <system-out/>
  <testcase classname="runner.runnercucumber" name="runScenario" time="0.298"/>
  <system-out/>
  <testcase classname="runner.runnercucumber" name="runScenario" time="0.629"/>
  <system-out/>
  <testcase classname="runner.runnercucumber" name="runScenario" time="0.225"/>
  <system-out/>
  <testcase classname="runner.runnercucumber" name="runScenario" time="0.141"/>
  <system-out/>
  <testcase classname="runner.runnercucumber" name="runScenario" time="0.238"/>
  <system-out/>
  <testcase classname="runner.runnercucumber" name="runScenario" time="0.146"/>
  <system-out/>
  <testcase classname="runner.runnercucumber" name="runScenario" time="0.269"/>
  <system-out/>
  <testcase classname="runner.runnercucumber" name="runScenario" time="0.162"/>
  <system-out/>
  <testcase classname="runner.runnercucumber" name="runScenario" time="0.246"/>
  <system-out/>
  <testcase classname="runner.runnercucumber" name="runScenario" time="0.839"/>
  <system-out/>
  <testcase classname="runner.runnercucumber" name="runScenario" time="0.211"/>
  <system-out/>
  <testcase classname="runner.runnercucumber" name="runScenario" time="0.245"/>
  <system-out/>
  <testcase classname="runner.runnercucumber" name="runScenario" time="0.177"/>
  <system-out/>
  <testcase classname="runner.runnercucumber" name="runScenario" time="0.169"/>
  <system-out/>
  <testcase classname="runner.runnercucumber" name="runScenario" time="0.258"/>
  <system-out/>
</testsuite> <!-- runner.runnercucumber -->
