<?xml version="1.0" encoding="UTF-8"?>
<!-- Generated by org.testng.reporters.JUnitReportReporter -->
<testsuite hostname="DESKTOP-EMTR17J" failures="1" tests="115" name="runner.runnercucumber" time="57.225" errors="0" timestamp="2023-04-20T22:33:10 EDT" skipped="0">
  <testcase classname="runner.runnercucumber" name="runScenario" time="0.406"/>
  <system-out/>
  <testcase classname="runner.runnercucumber" name="runScenario" time="0.362"/>
  <system-out/>
  <testcase classname="runner.runnercucumber" name="runScenario" time="0.506"/>
  <system-out/>
  <testcase classname="runner.runnercucumber" name="runScenario" time="0.307"/>
  <system-out/>
  <testcase classname="runner.runnercucumber" name="runScenario" time="0.202"/>
  <system-out/>
  <testcase classname="runner.runnercucumber" name="runScenario" time="0.404"/>
  <system-out/>
  <testcase classname="runner.runnercucumber" name="runScenario" time="0.337"/>
  <system-out/>
  <testcase classname="runner.runnercucumber" name="runScenario" time="0.422"/>
  <system-out/>
  <testcase classname="runner.runnercucumber" name="runScenario" time="0.562"/>
  <system-out/>
  <testcase classname="runner.runnercucumber" name="runScenario" time="0.254"/>
  <system-out/>
  <testcase classname="runner.runnercucumber" name="runScenario" time="0.706"/>
  <system-out/>
  <testcase classname="runner.runnercucumber" name="runScenario" time="0.256"/>
  <system-out/>
  <testcase classname="runner.runnercucumber" name="runScenario" time="0.450"/>
  <system-out/>
  <testcase classname="runner.runnercucumber" name="runScenario" time="0.361"/>
  <system-out/>
  <testcase classname="runner.runnercucumber" name="runScenario" time="0.389"/>
  <system-out/>
  <testcase classname="runner.runnercucumber" name="runScenario" time="0.411"/>
  <system-out/>
  <testcase classname="runner.runnercucumber" name="runScenario" time="0.360"/>
  <system-out/>
  <testcase classname="runner.runnercucumber" name="runScenario" time="0.392"/>
  <system-out/>
  <testcase classname="runner.runnercucumber" name="runScenario" time="0.465"/>
  <system-out/>
  <testcase classname="runner.runnercucumber" name="runScenario" time="0.214"/>
  <system-out/>
  <testcase classname="runner.runnercucumber" name="runScenario" time="0.489"/>
  <system-out/>
  <testcase classname="runner.runnercucumber" name="runScenario" time="0.258"/>
  <system-out/>
  <testcase classname="runner.runnercucumber" name="runScenario" time="0.239"/>
  <system-out/>
  <testcase classname="runner.runnercucumber" name="runScenario" time="0.167"/>
  <system-out/>
  <testcase classname="runner.runnercucumber" name="runScenario" time="0.518"/>
  <system-out/>
  <testcase classname="runner.runnercucumber" name="runScenario" time="0.258"/>
  <system-out/>
  <testcase classname="runner.runnercucumber" name="runScenario" time="3.287"/>
  <system-out/>
  <testcase classname="runner.runnercucumber" name="runScenario" time="0.488"/>
  <system-out/>
  <testcase classname="runner.runnercucumber" name="runScenario" time="0.346"/>
  <system-out/>
  <testcase classname="runner.runnercucumber" name="runScenario" time="0.238"/>
  <system-out/>
  <testcase classname="runner.runnercucumber" name="runScenario" time="0.279"/>
  <system-out/>
  <testcase classname="runner.runnercucumber" name="runScenario" time="0.169"/>
  <system-out/>
  <testcase classname="runner.runnercucumber" name="runScenario" time="0.290"/>
  <system-out/>
  <testcase classname="runner.runnercucumber" name="runScenario" time="2.516"/>
  <system-out/>
  <testcase classname="runner.runnercucumber" name="runScenario" time="0.451"/>
  <system-out/>
  <testcase classname="runner.runnercucumber" name="runScenario" time="0.464"/>
  <system-out/>
  <testcase classname="runner.runnercucumber" name="runScenario" time="0.405"/>
  <system-out/>
  <testcase classname="runner.runnercucumber" name="runScenario" time="0.343"/>
  <system-out/>
  <testcase classname="runner.runnercucumber" name="runScenario" time="0.264"/>
  <system-out/>
  <testcase classname="runner.runnercucumber" name="runScenario" time="0.517"/>
  <system-out/>
  <testcase classname="runner.runnercucumber" name="runScenario" time="0.201"/>
  <system-out/>
  <testcase classname="runner.runnercucumber" name="runScenario" time="0.313"/>
  <system-out/>
  <testcase classname="runner.runnercucumber" name="runScenario" time="0.985"/>
  <system-out/>
  <testcase classname="runner.runnercucumber" name="runScenario" time="0.305"/>
  <system-out/>
  <testcase classname="runner.runnercucumber" name="runScenario" time="0.974"/>
  <system-out/>
  <testcase classname="runner.runnercucumber" name="runScenario" time="0.178"/>
  <system-out/>
  <testcase classname="runner.runnercucumber" name="runScenario" time="0.335"/>
  <system-out/>
  <testcase classname="runner.runnercucumber" name="runScenario" time="0.296"/>
  <system-out/>
  <testcase classname="runner.runnercucumber" name="runScenario" time="1.251"/>
  <system-out/>
  <testcase classname="runner.runnercucumber" name="runScenario" time="0.376"/>
  <system-out/>
  <testcase classname="runner.runnercucumber" name="runScenario" time="0.291"/>
  <system-out/>
  <testcase classname="runner.runnercucumber" name="runScenario" time="0.428"/>
  <system-out/>
  <testcase classname="runner.runnercucumber" name="runScenario" time="0.400"/>
  <system-out/>
  <testcase classname="runner.runnercucumber" name="runScenario" time="0.370"/>
  <system-out/>
  <testcase classname="runner.runnercucumber" name="runScenario" time="0.186"/>
  <system-out/>
  <testcase classname="runner.runnercucumber" name="runScenario" time="0.200"/>
  <system-out/>
  <testcase classname="runner.runnercucumber" name="runScenario" time="0.289"/>
  <system-out/>
  <testcase classname="runner.runnercucumber" name="runScenario" time="0.166"/>
  <system-out/>
  <testcase classname="runner.runnercucumber" name="runScenario" time="1.265"/>
  <system-out/>
  <testcase classname="runner.runnercucumber" name="runScenario" time="0.991"/>
  <system-out/>
  <testcase classname="runner.runnercucumber" name="runScenario" time="0.181"/>
  <system-out/>
  <testcase classname="runner.runnercucumber" name="runScenario" time="0.200"/>
  <system-out/>
  <testcase classname="runner.runnercucumber" name="runScenario" time="0.280"/>
  <system-out/>
  <testcase classname="runner.runnercucumber" name="runScenario" time="1.054"/>
  <system-out/>
  <testcase classname="runner.runnercucumber" name="runScenario" time="0.372"/>
  <system-out/>
  <testcase classname="runner.runnercucumber" name="runScenario" time="0.182"/>
  <system-out/>
  <testcase classname="runner.runnercucumber" name="runScenario" time="0.168"/>
  <system-out/>
  <testcase classname="runner.runnercucumber" name="runScenario" time="0.407"/>
  <system-out/>
  <testcase classname="runner.runnercucumber" name="runScenario" time="0.576"/>
  <system-out/>
  <testcase classname="runner.runnercucumber" name="runScenario" time="0.237"/>
  <system-out/>
  <testcase classname="runner.runnercucumber" name="runScenario" time="0.268"/>
  <system-out/>
  <testcase classname="runner.runnercucumber" name="runScenario" time="1.009"/>
  <system-out/>
  <testcase classname="runner.runnercucumber" name="runScenario" time="0.261"/>
  <system-out/>
  <testcase classname="runner.runnercucumber" name="runScenario" time="0.317"/>
  <system-out/>
  <testcase classname="runner.runnercucumber" name="runScenario" time="0.954"/>
  <system-out/>
  <testcase classname="runner.runnercucumber" name="runScenario" time="0.324"/>
  <system-out/>
  <testcase classname="runner.runnercucumber" name="runScenario" time="0.399">
    <failure message="expected [ ] but found [Practice Questions]" type="java.lang.AssertionError">
      <![CDATA[java.lang.AssertionError: expected [ ] but found [Practice Questions]
at org.testng.Assert.fail(Assert.java:110)
at org.testng.Assert.failNotEquals(Assert.java:1577)
at org.testng.Assert.assertEqualsImpl(Assert.java:149)
at org.testng.Assert.assertEquals(Assert.java:131)
at org.testng.Assert.assertEquals(Assert.java:655)
at org.testng.Assert.assertEquals(Assert.java:665)
at pageObjectModel.TreePage_POM.TreeSubpageTitle(TreePage_POM.java:78)
at stepDefination.TreePage_TryEditor.user_is_on_tree_subpage(TreePage_TryEditor.java:36)
at âœ½.User is on Tree Subpage " "(file:///C:/Users/14377/eclipse-workspace/numpy_ninja_ds_algo/src/test/resources/features/Tree_TryEditor.feature:25)
]]>
    </failure>
  </testcase> <!-- runScenario -->
  <system-out/>
  <testcase classname="runner.runnercucumber" name="runScenario" time="0.286"/>
  <system-out/>
  <testcase classname="runner.runnercucumber" name="runScenario" time="2.753"/>
  <system-out/>
  <testcase classname="runner.runnercucumber" name="runScenario" time="0.373"/>
  <system-out/>
  <testcase classname="runner.runnercucumber" name="runScenario" time="0.393"/>
  <system-out/>
  <testcase classname="runner.runnercucumber" name="runScenario" time="0.296"/>
  <system-out/>
  <testcase classname="runner.runnercucumber" name="runScenario" time="0.151"/>
  <system-out/>
  <testcase classname="runner.runnercucumber" name="runScenario" time="0.434"/>
  <system-out/>
  <testcase classname="runner.runnercucumber" name="runScenario" time="0.376"/>
  <system-out/>
  <testcase classname="runner.runnercucumber" name="runScenario" time="1.097"/>
  <system-out/>
  <testcase classname="runner.runnercucumber" name="runScenario" time="0.246"/>
  <system-out/>
  <testcase classname="runner.runnercucumber" name="runScenario" time="0.150"/>
  <system-out/>
  <testcase classname="runner.runnercucumber" name="runScenario" time="0.272"/>
  <system-out/>
  <testcase classname="runner.runnercucumber" name="runScenario" time="0.238"/>
  <system-out/>
  <testcase classname="runner.runnercucumber" name="runScenario" time="0.313"/>
  <system-out/>
  <testcase classname="runner.runnercucumber" name="runScenario" time="0.887"/>
  <system-out/>
  <testcase classname="runner.runnercucumber" name="runScenario" time="0.337"/>
  <system-out/>
  <testcase classname="runner.runnercucumber" name="runScenario" time="0.375"/>
  <system-out/>
  <testcase classname="runner.runnercucumber" name="runScenario" time="0.292"/>
  <system-out/>
  <testcase classname="runner.runnercucumber" name="runScenario" time="0.378"/>
  <system-out/>
  <testcase classname="runner.runnercucumber" name="runScenario" time="0.296"/>
  <system-out/>
  <testcase classname="runner.runnercucumber" name="runScenario" time="0.330"/>
  <system-out/>
  <testcase classname="runner.runnercucumber" name="runScenario" time="2.645"/>
  <system-out/>
  <testcase classname="runner.runnercucumber" name="runScenario" time="0.793"/>
  <system-out/>
  <testcase classname="runner.runnercucumber" name="runScenario" time="0.414"/>
  <system-out/>
  <testcase classname="runner.runnercucumber" name="runScenario" time="0.356"/>
  <system-out/>
  <testcase classname="runner.runnercucumber" name="runScenario" time="0.990"/>
  <system-out/>
  <testcase classname="runner.runnercucumber" name="runScenario" time="0.199"/>
  <system-out/>
  <testcase classname="runner.runnercucumber" name="runScenario" time="0.300"/>
  <system-out/>
  <testcase classname="runner.runnercucumber" name="runScenario" time="0.694"/>
  <system-out/>
  <testcase classname="runner.runnercucumber" name="runScenario" time="0.416"/>
  <system-out/>
  <testcase classname="runner.runnercucumber" name="runScenario" time="0.556"/>
  <system-out/>
  <testcase classname="runner.runnercucumber" name="runScenario" time="0.382"/>
  <system-out/>
  <testcase classname="runner.runnercucumber" name="runScenario" time="0.361"/>
  <system-out/>
  <testcase classname="runner.runnercucumber" name="runScenario" time="0.413"/>
  <system-out/>
  <testcase classname="runner.runnercucumber" name="runScenario" time="0.305"/>
  <system-out/>
  <testcase classname="runner.runnercucumber" name="runScenario" time="0.444"/>
  <system-out/>
  <testcase classname="runner.runnercucumber" name="runScenario" time="0.569"/>
  <system-out/>
  <testcase classname="runner.runnercucumber" name="runScenario" time="0.374"/>
  <system-out/>
</testsuite> <!-- runner.runnercucumber -->
